Logfile initialized
[INFO] logfile = /Users/admin/Documents/Titanium Studio Workspace/styledLabel/build.log
[DEBUG] /Library/Application Support/Titanium/mobilesdk/osx/2.1.3.GA/android/builder.py install styledLabel /Users/admin/Documents/android-sdk-macosx /Users/admin/Documents/Titanium Studio Workspace/styledLabel com.anu 5
[INFO] Titanium SDK version: 2.1.3 (10/02/12 16:16 15997d0)
[DEBUG] Waiting for device to be ready ...
[TRACE] adb devices returned 1 devices/emulators
[DEBUG] Device connected... (waited 0 seconds)
[DEBUG] waited 0.022950 seconds on emulator to get ready
[DEBUG] com.anu installed? False
[INFO] Copying CommonJS modules...
[INFO] Copying project resources..
[TRACE] COPYING MODIFIED FILE: /Users/admin/Documents/Titanium Studio Workspace/styledLabel/Resources/app.js => /Users/admin/Documents/Titanium Studio Workspace/styledLabel/build/android/bin/assets/Resources/app.js
[TRACE] Generating Java Classes
[DEBUG] Processing Android resource drawables
[DEBUG] copying app icon: /Users/admin/Documents/Titanium Studio Workspace/styledLabel/build/android/bin/assets/Resources/appicon.png
[DEBUG] generating theme.xml
[DEBUG] found drawable-long-land-hdpi splash screen at /Users/admin/Documents/Titanium Studio Workspace/styledLabel/Resources/android/images/res-long-land-hdpi/default.png
[DEBUG] copying /Users/admin/Documents/Titanium Studio Workspace/styledLabel/Resources/android/images/res-long-land-hdpi/default.png splash screen to /Users/admin/Documents/Titanium Studio Workspace/styledLabel/build/android/res/drawable-long-land-hdpi/background.png
[DEBUG] found drawable-long-land-ldpi splash screen at /Users/admin/Documents/Titanium Studio Workspace/styledLabel/Resources/android/images/res-long-land-ldpi/default.png
[DEBUG] copying /Users/admin/Documents/Titanium Studio Workspace/styledLabel/Resources/android/images/res-long-land-ldpi/default.png splash screen to /Users/admin/Documents/Titanium Studio Workspace/styledLabel/build/android/res/drawable-long-land-ldpi/background.png
[DEBUG] found drawable-long-port-hdpi splash screen at /Users/admin/Documents/Titanium Studio Workspace/styledLabel/Resources/android/images/res-long-port-hdpi/default.png
[DEBUG] copying /Users/admin/Documents/Titanium Studio Workspace/styledLabel/Resources/android/images/res-long-port-hdpi/default.png splash screen to /Users/admin/Documents/Titanium Studio Workspace/styledLabel/build/android/res/drawable-long-port-hdpi/background.png
[DEBUG] found drawable-long-port-ldpi splash screen at /Users/admin/Documents/Titanium Studio Workspace/styledLabel/Resources/android/images/res-long-port-ldpi/default.png
[DEBUG] copying /Users/admin/Documents/Titanium Studio Workspace/styledLabel/Resources/android/images/res-long-port-ldpi/default.png splash screen to /Users/admin/Documents/Titanium Studio Workspace/styledLabel/build/android/res/drawable-long-port-ldpi/background.png
[DEBUG] found drawable-notlong-land-hdpi splash screen at /Users/admin/Documents/Titanium Studio Workspace/styledLabel/Resources/android/images/res-notlong-land-hdpi/default.png
[DEBUG] copying /Users/admin/Documents/Titanium Studio Workspace/styledLabel/Resources/android/images/res-notlong-land-hdpi/default.png splash screen to /Users/admin/Documents/Titanium Studio Workspace/styledLabel/build/android/res/drawable-notlong-land-hdpi/background.png
[DEBUG] found drawable-notlong-land-ldpi splash screen at /Users/admin/Documents/Titanium Studio Workspace/styledLabel/Resources/android/images/res-notlong-land-ldpi/default.png
[DEBUG] copying /Users/admin/Documents/Titanium Studio Workspace/styledLabel/Resources/android/images/res-notlong-land-ldpi/default.png splash screen to /Users/admin/Documents/Titanium Studio Workspace/styledLabel/build/android/res/drawable-notlong-land-ldpi/background.png
[DEBUG] found drawable-notlong-land-mdpi splash screen at /Users/admin/Documents/Titanium Studio Workspace/styledLabel/Resources/android/images/res-notlong-land-mdpi/default.png
[DEBUG] copying /Users/admin/Documents/Titanium Studio Workspace/styledLabel/Resources/android/images/res-notlong-land-mdpi/default.png splash screen to /Users/admin/Documents/Titanium Studio Workspace/styledLabel/build/android/res/drawable-notlong-land-mdpi/background.png
[DEBUG] found drawable-notlong-port-hdpi splash screen at /Users/admin/Documents/Titanium Studio Workspace/styledLabel/Resources/android/images/res-notlong-port-hdpi/default.png
[DEBUG] copying /Users/admin/Documents/Titanium Studio Workspace/styledLabel/Resources/android/images/res-notlong-port-hdpi/default.png splash screen to /Users/admin/Documents/Titanium Studio Workspace/styledLabel/build/android/res/drawable-notlong-port-hdpi/background.png
[DEBUG] found drawable-notlong-port-ldpi splash screen at /Users/admin/Documents/Titanium Studio Workspace/styledLabel/Resources/android/images/res-notlong-port-ldpi/default.png
[DEBUG] copying /Users/admin/Documents/Titanium Studio Workspace/styledLabel/Resources/android/images/res-notlong-port-ldpi/default.png splash screen to /Users/admin/Documents/Titanium Studio Workspace/styledLabel/build/android/res/drawable-notlong-port-ldpi/background.png
[DEBUG] found drawable-notlong-port-mdpi splash screen at /Users/admin/Documents/Titanium Studio Workspace/styledLabel/Resources/android/images/res-notlong-port-mdpi/default.png
[DEBUG] copying /Users/admin/Documents/Titanium Studio Workspace/styledLabel/Resources/android/images/res-notlong-port-mdpi/default.png splash screen to /Users/admin/Documents/Titanium Studio Workspace/styledLabel/build/android/res/drawable-notlong-port-mdpi/background.png
[DEBUG] found splash screen at /Users/admin/Documents/Titanium Studio Workspace/styledLabel/build/android/bin/assets/Resources/default.png
[TRACE] Writing out AndroidManifest.xml
[DEBUG] adding /Users/admin/Documents/Titanium Studio Workspace/styledLabel/build/android/gen/com/anu/R.java to javac build list
[DEBUG] adding /Users/admin/Documents/Titanium Studio Workspace/styledLabel/build/android/gen/com/anu/StyledlabelActivity.java to javac build list
[DEBUG] adding /Users/admin/Documents/Titanium Studio Workspace/styledLabel/build/android/gen/com/anu/StyledlabelAppInfo.java to javac build list
[DEBUG] adding /Users/admin/Documents/Titanium Studio Workspace/styledLabel/build/android/gen/com/anu/StyledlabelApplication.java to javac build list
[DEBUG] Building Java Sources: "/Users/admin/Documents/Titanium Studio Workspace/styledLabel/build/android/gen/com/anu/R.java" "/Users/admin/Documents/Titanium Studio Workspace/styledLabel/build/android/gen/com/anu/StyledlabelActivity.java" "/Users/admin/Documents/Titanium Studio Workspace/styledLabel/build/android/gen/com/anu/StyledlabelAppInfo.java" "/Users/admin/Documents/Titanium Studio Workspace/styledLabel/build/android/gen/com/anu/StyledlabelApplication.java"
[INFO] Compiling Android Resources... This could take some time
[DEBUG] Android classes.dex built
[DEBUG] creating unsigned apk: /Users/admin/Documents/Titanium Studio Workspace/styledLabel/build/android/bin/app-unsigned.apk
[DEBUG] from resource zip => assets/Resources/app.js
[DEBUG] from resource zip => assets/Resources/appicon.png
[DEBUG] from resource zip => assets/Resources/arrow_right.png
[DEBUG] from resource zip => assets/Resources/default.png
[DEBUG] from resource zip => assets/app.json
[DEBUG] from resource zip => assets/index.json
[DEBUG] from resource zip => assets/tiapp.xml
[DEBUG] from resource zip => res/drawable/appicon.png
[DEBUG] from resource zip => res/drawable/background.png
[DEBUG] from resource zip => res/layout/titanium_tabgroup.xml
[DEBUG] from resource zip => AndroidManifest.xml
[DEBUG] from resource zip => resources.arsc
[DEBUG] from resource zip => res/drawable-long-land-hdpi/background.png
[DEBUG] from resource zip => res/drawable-long-land-ldpi/background.png
[DEBUG] from resource zip => res/drawable-long-port-hdpi/background.png
[DEBUG] from resource zip => res/drawable-long-port-ldpi/background.png
[DEBUG] from resource zip => res/drawable-notlong-land-hdpi/background.png
[DEBUG] from resource zip => res/drawable-notlong-land-ldpi/background.png
[DEBUG] from resource zip => res/drawable-notlong-land-mdpi/background.png
[DEBUG] from resource zip => res/drawable-notlong-port-hdpi/background.png
[DEBUG] from resource zip => res/drawable-notlong-port-ldpi/background.png
[DEBUG] from resource zip => res/drawable-notlong-port-mdpi/background.png
[DEBUG] from JAR /Library/Application Support/Titanium/mobilesdk/osx/2.1.3.GA/android/titanium.jar => org/appcelerator/titanium/build.properties
[DEBUG] from JAR /Library/Application Support/Titanium/mobilesdk/osx/2.1.3.GA/android/titanium.jar => org/appcelerator/titanium/res/drawable/background.png
[DEBUG] from JAR /Library/Application Support/Titanium/mobilesdk/osx/2.1.3.GA/android/titanium.jar => org/appcelerator/titanium/res/drawable/btn_check_buttonless_on.png
[DEBUG] from JAR /Library/Application Support/Titanium/mobilesdk/osx/2.1.3.GA/android/titanium.jar => org/appcelerator/titanium/res/drawable/btn_check_buttonless_on_18.png
[DEBUG] from JAR /Library/Application Support/Titanium/mobilesdk/osx/2.1.3.GA/android/titanium.jar => org/appcelerator/titanium/res/drawable/btn_check_buttonless_on_48.png
[DEBUG] from JAR /Library/Application Support/Titanium/mobilesdk/osx/2.1.3.GA/android/titanium.jar => org/appcelerator/titanium/res/drawable/btn_more.png
[DEBUG] from JAR /Library/Application Support/Titanium/mobilesdk/osx/2.1.3.GA/android/titanium.jar => org/appcelerator/titanium/res/drawable/btn_more_18.png
[DEBUG] from JAR /Library/Application Support/Titanium/mobilesdk/osx/2.1.3.GA/android/titanium.jar => org/appcelerator/titanium/res/drawable/btn_more_48.png
[DEBUG] from JAR /Library/Application Support/Titanium/mobilesdk/osx/2.1.3.GA/android/titanium.jar => org/appcelerator/titanium/res/drawable/btn_picker_normal.9.png
[DEBUG] from JAR /Library/Application Support/Titanium/mobilesdk/osx/2.1.3.GA/android/titanium.jar => org/appcelerator/titanium/res/drawable/btn_picker_pressed.9.png
[DEBUG] from JAR /Library/Application Support/Titanium/mobilesdk/osx/2.1.3.GA/android/titanium.jar => org/appcelerator/titanium/res/drawable/btn_picker_selected.9.png
[DEBUG] from JAR /Library/Application Support/Titanium/mobilesdk/osx/2.1.3.GA/android/titanium.jar => org/appcelerator/titanium/res/drawable/default_icon.png
[DEBUG] from JAR /Library/Application Support/Titanium/mobilesdk/osx/2.1.3.GA/android/titanium.jar => org/appcelerator/titanium/res/drawable/photoDefault.png
[DEBUG] from JAR /Library/Application Support/Titanium/mobilesdk/osx/2.1.3.GA/android/modules/titanium-ui.jar => ti/modules/titanium/ui/widget/webview/binding.js
[DEBUG] from JAR /Library/Application Support/Titanium/mobilesdk/osx/2.1.3.GA/android/modules/titanium-ui.jar => ti/modules/titanium/ui/widget/webview/binding.min.js
[DEBUG] from JAR /Library/Application Support/Titanium/mobilesdk/osx/2.1.3.GA/android/modules/titanium-ui.jar => ti/modules/titanium/ui/widget/webview/json2.js
[DEBUG] from JAR /Library/Application Support/Titanium/mobilesdk/osx/2.1.3.GA/android/modules/titanium-ui.jar => ti/modules/titanium/ui/widget/webview/polling.js
[DEBUG] from JAR /Library/Application Support/Titanium/mobilesdk/osx/2.1.3.GA/android/modules/titanium-ui.jar => ti/modules/titanium/ui/widget/webview/polling.min.js
[DEBUG] installing native lib: /Users/admin/Documents/Titanium Studio Workspace/styledLabel/modules/android/ti.styledlabel/2.0/libs/armeabi/libti.styledlabel.so
[DEBUG] installing native lib: /Users/admin/Documents/Titanium Studio Workspace/styledLabel/modules/android/ti.styledlabel/2.0/libs/armeabi-v7a/libti.styledlabel.so
[DEBUG] installing native SDK libs
[DEBUG] Waiting for device to be ready ...
[TRACE] adb devices returned 1 devices/emulators
[DEBUG] Device connected... (waited 0 seconds)
[DEBUG] waited 0.028242 seconds on emulator to get ready
[INFO] Installing application on device
[INFO] Application installed. Launch from drawer on Home Screen
